<?xml version="1.0" encoding="UTF-8"?>
<!-- Generated by org.testng.reporters.JUnitXMLReporter -->
<testsuite ignored="0" hostname="vikram" failures="0" tests="3" name="Sumit Order Test" time="17.089" errors="0" timestamp="2024-12-15T20:34:53 IST">
  <testcase classname="com.vikram.tests.SubmitOrderTest" name="submitOrder" time="3.481"/>
  <testcase classname="com.vikram.tests.SubmitOrderTest" name="submitOrder" time="3.524"/>
  <testcase classname="com.vikram.tests.SubmitOrderTest" name="orderHistory" time="0.407"/>
</testsuite> <!-- Sumit Order Test -->
