<?xml version="1.0" encoding="UTF-8"?>
<!-- Generated by org.testng.reporters.JUnitXMLReporter -->
<testsuite ignored="1" hostname="vikram" failures="0" tests="2" name="Sumit Order Test" time="15.552" errors="0" timestamp="2024-12-15T20:46:27 IST">
  <testcase classname="com.vikram.tests.SubmitOrderTest" name="submitOrder" time="3.542"/>
  <testcase classname="com.vikram.tests.SubmitOrderTest" name="submitOrder" time="3.426"/>
  <testcase classname="com.vikram.tests.SubmitOrderTest" name="orderHistory" time="0.0">
    <ignored/>
  </testcase> <!-- orderHistory -->
</testsuite> <!-- Sumit Order Test -->
