<?xml version="1.0" encoding="UTF-8"?>
<testng-results ignored="0" total="2" passed="2" failed="0" skipped="0">
  <reporter-output>
  </reporter-output>
  <suite started-at="2024-12-15T20:46:12 IST" name="Suite" finished-at="2024-12-15T20:46:27 IST" duration-ms="15552">
    <groups>
      <group name="Purchase">
        <method signature="SubmitOrderTest.submitOrder(java.util.HashMap)[pri:0, instance:com.vikram.tests.SubmitOrderTest@51e5fc98]" name="submitOrder" class="com.vikram.tests.SubmitOrderTest"/>
      </group> <!-- Purchase -->
    </groups>
    <test started-at="2024-12-15T20:46:12 IST" name="Test" finished-at="2024-12-15T20:46:12 IST" duration-ms="4">
    </test> <!-- Test -->
    <test started-at="2024-12-15T20:46:12 IST" name="Sumit Order Test" finished-at="2024-12-15T20:46:27 IST" duration-ms="15552">
      <class name="com.vikram.tests.SubmitOrderTest">
        <test-method is-config="true" signature="lanuchApplication()[pri:0, instance:com.vikram.tests.SubmitOrderTest@51e5fc98]" started-at="2024-12-15T20:46:12 IST" name="lanuchApplication" finished-at="2024-12-15T20:46:15 IST" duration-ms="2550" status="PASS">
          <reporter-output>
          </reporter-output>
        </test-method> <!-- lanuchApplication -->
        <test-method signature="submitOrder(java.util.HashMap)[pri:0, instance:com.vikram.tests.SubmitOrderTest@51e5fc98]" started-at="2024-12-15T20:46:15 IST" name="submitOrder" data-provider="getData" finished-at="2024-12-15T20:46:18 IST" duration-ms="3542" status="PASS">
          <params>
            <param index="0">
              <value>
                <![CDATA[{password=Admin@123?, product=ZARA COAT 3, email=vikki2k6@gmail.com}]]>
              </value>
            </param>
          </params>
          <reporter-output>
          </reporter-output>
        </test-method> <!-- submitOrder -->
        <test-method is-config="true" signature="tearDown()[pri:0, instance:com.vikram.tests.SubmitOrderTest@51e5fc98]" started-at="2024-12-15T20:46:18 IST" name="tearDown" finished-at="2024-12-15T20:46:18 IST" duration-ms="90" status="PASS">
          <reporter-output>
          </reporter-output>
        </test-method> <!-- tearDown -->
        <test-method is-config="true" signature="lanuchApplication()[pri:0, instance:com.vikram.tests.SubmitOrderTest@51e5fc98]" started-at="2024-12-15T20:46:18 IST" name="lanuchApplication" finished-at="2024-12-15T20:46:24 IST" duration-ms="5764" status="PASS">
          <reporter-output>
          </reporter-output>
        </test-method> <!-- lanuchApplication -->
        <test-method signature="submitOrder(java.util.HashMap)[pri:0, instance:com.vikram.tests.SubmitOrderTest@51e5fc98]" started-at="2024-12-15T20:46:24 IST" name="submitOrder" data-provider="getData" finished-at="2024-12-15T20:46:27 IST" duration-ms="3426" status="PASS">
          <params>
            <param index="0">
              <value>
                <![CDATA[{password=Iamking@000, product=ADIDAS ORIGINAL, email=shetty@gmail.com}]]>
              </value>
            </param>
          </params>
          <reporter-output>
          </reporter-output>
        </test-method> <!-- submitOrder -->
        <test-method is-config="true" signature="tearDown()[pri:0, instance:com.vikram.tests.SubmitOrderTest@51e5fc98]" started-at="2024-12-15T20:46:27 IST" name="tearDown" finished-at="2024-12-15T20:46:27 IST" duration-ms="79" status="PASS">
          <reporter-output>
          </reporter-output>
        </test-method> <!-- tearDown -->
      </class> <!-- com.vikram.tests.SubmitOrderTest -->
    </test> <!-- Sumit Order Test -->
  </suite> <!-- Suite -->
</testng-results>
